-- The C compiler identification is GNU 13.3.0
-- The CXX compiler identification is GNU 13.3.0
-- Detecting C compiler ABI info
-- Detecting C compiler ABI info - done
-- Check for working C compiler: /usr/bin/cc - skipped
-- Detecting C compile features
-- Detecting C compile features - done
-- Detecting CXX compiler ABI info
-- Detecting CXX compiler ABI info - done
-- Check for working CXX compiler: /usr/bin/c++ - skipped
-- Detecting CXX compile features
-- Detecting CXX compile features - done
-- Found ament_cmake: 2.5.4 (/opt/ros/jazzy/share/ament_cmake/cmake)
-- Found Python3: /usr/bin/python3 (found version "3.12.3") found components: Interpreter 
-- Found ament_lint_auto: 0.17.3 (/opt/ros/jazzy/share/ament_lint_auto/cmake)
-- Added test 'cppcheck' to perform static code analysis on C / C++ code
-- Configured cppcheck include dirs: 
-- Configured cppcheck exclude dirs and/or files: 
-- Added test 'lint_cmake' to check CMake code style
-- Added test 'uncrustify' to check C / C++ code style
-- Configured uncrustify additional arguments: 
-- Added test 'xmllint' to check XML markup files
-- Configuring done (14.5s)
-- Generating done (0.9s)
-- Build files have been written to: /mnt/c/Users/aleks/CLionProjects/Qube/build/qube_controller
-- Install configuration: ""
-- Installing: /mnt/c/Users/aleks/CLionProjects/Qube/install/qube_controller/share/ament_index/resource_index/package_run_dependencies/qube_controller
-- Installing: /mnt/c/Users/aleks/CLionProjects/Qube/install/qube_controller/share/ament_index/resource_index/parent_prefix_path/qube_controller
-- Installing: /mnt/c/Users/aleks/CLionProjects/Qube/install/qube_controller/share/qube_controller/environment/ament_prefix_path.sh
-- Installing: /mnt/c/Users/aleks/CLionProjects/Qube/install/qube_controller/share/qube_controller/environment/ament_prefix_path.dsv
-- Installing: /mnt/c/Users/aleks/CLionProjects/Qube/install/qube_controller/share/qube_controller/environment/path.sh
-- Installing: /mnt/c/Users/aleks/CLionProjects/Qube/install/qube_controller/share/qube_controller/environment/path.dsv
-- Installing: /mnt/c/Users/aleks/CLionProjects/Qube/install/qube_controller/share/qube_controller/local_setup.bash
-- Installing: /mnt/c/Users/aleks/CLionProjects/Qube/install/qube_controller/share/qube_controller/local_setup.sh
-- Installing: /mnt/c/Users/aleks/CLionProjects/Qube/install/qube_controller/share/qube_controller/local_setup.zsh
-- Installing: /mnt/c/Users/aleks/CLionProjects/Qube/install/qube_controller/share/qube_controller/local_setup.dsv
-- Installing: /mnt/c/Users/aleks/CLionProjects/Qube/install/qube_controller/share/qube_controller/package.dsv
-- Installing: /mnt/c/Users/aleks/CLionProjects/Qube/install/qube_controller/share/ament_index/resource_index/packages/qube_controller
-- Installing: /mnt/c/Users/aleks/CLionProjects/Qube/install/qube_controller/share/qube_controller/cmake/qube_controllerConfig.cmake
-- Installing: /mnt/c/Users/aleks/CLionProjects/Qube/install/qube_controller/share/qube_controller/cmake/qube_controllerConfig-version.cmake
-- Installing: /mnt/c/Users/aleks/CLionProjects/Qube/install/qube_controller/share/qube_controller/package.xml
