[0.322s] Invoking command in '/mnt/c/Users/aleks/CLionProjects/Qube/build/qube_controller': CMAKE_PREFIX_PATH=${CMAKE_PREFIX_PATH}:/opt/ros/jazzy /usr/bin/cmake /mnt/c/Users/aleks/CLionProjects/Qube/src/qube_controller -DCMAKE_INSTALL_PREFIX=/mnt/c/Users/aleks/CLionProjects/Qube/install/qube_controller
[1.349s] -- The C compiler identification is GNU 13.3.0
[2.811s] -- The CXX compiler identification is GNU 13.3.0
[3.489s] -- Detecting C compiler ABI info
[5.748s] -- Detecting C compiler ABI info - done
[5.875s] -- Check for working C compiler: /usr/bin/cc - skipped
[5.878s] -- Detecting C compile features
[5.882s] -- Detecting C compile features - done
[6.216s] -- Detecting CXX compiler ABI info
[8.506s] -- Detecting CXX compiler ABI info - done
[8.638s] -- Check for working CXX compiler: /usr/bin/c++ - skipped
[8.642s] -- Detecting CXX compile features
[8.645s] -- Detecting CXX compile features - done
[8.838s] -- Found ament_cmake: 2.5.4 (/opt/ros/jazzy/share/ament_cmake/cmake)
[9.445s] -- Found Python3: /usr/bin/python3 (found version "3.12.3") found components: Interpreter 
[11.631s] -- Found ament_lint_auto: 0.17.3 (/opt/ros/jazzy/share/ament_lint_auto/cmake)
[13.803s] -- Added test 'cppcheck' to perform static code analysis on C / C++ code
[13.806s] -- Configured cppcheck include dirs: 
[13.809s] -- Configured cppcheck exclude dirs and/or files: 
[13.963s] -- Added test 'lint_cmake' to check CMake code style
[14.420s] -- Added test 'uncrustify' to check C / C++ code style
[14.424s] -- Configured uncrustify additional arguments: 
[14.478s] -- Added test 'xmllint' to check XML markup files
[14.871s] -- Configuring done (14.5s)
[15.950s] -- Generating done (0.9s)
[16.521s] -- Build files have been written to: /mnt/c/Users/aleks/CLionProjects/Qube/build/qube_controller
[16.535s] Invoked command in '/mnt/c/Users/aleks/CLionProjects/Qube/build/qube_controller' returned '0': CMAKE_PREFIX_PATH=${CMAKE_PREFIX_PATH}:/opt/ros/jazzy /usr/bin/cmake /mnt/c/Users/aleks/CLionProjects/Qube/src/qube_controller -DCMAKE_INSTALL_PREFIX=/mnt/c/Users/aleks/CLionProjects/Qube/install/qube_controller
[16.561s] Invoking command in '/mnt/c/Users/aleks/CLionProjects/Qube/build/qube_controller': CMAKE_PREFIX_PATH=${CMAKE_PREFIX_PATH}:/opt/ros/jazzy /usr/bin/cmake --build /mnt/c/Users/aleks/CLionProjects/Qube/build/qube_controller -- -j16 -l16
[16.965s] Invoked command in '/mnt/c/Users/aleks/CLionProjects/Qube/build/qube_controller' returned '0': CMAKE_PREFIX_PATH=${CMAKE_PREFIX_PATH}:/opt/ros/jazzy /usr/bin/cmake --build /mnt/c/Users/aleks/CLionProjects/Qube/build/qube_controller -- -j16 -l16
[17.062s] Invoking command in '/mnt/c/Users/aleks/CLionProjects/Qube/build/qube_controller': CMAKE_PREFIX_PATH=${CMAKE_PREFIX_PATH}:/opt/ros/jazzy /usr/bin/cmake --install /mnt/c/Users/aleks/CLionProjects/Qube/build/qube_controller
[17.102s] -- Install configuration: ""
[17.223s] -- Installing: /mnt/c/Users/aleks/CLionProjects/Qube/install/qube_controller/share/ament_index/resource_index/package_run_dependencies/qube_controller
[17.601s] -- Installing: /mnt/c/Users/aleks/CLionProjects/Qube/install/qube_controller/share/ament_index/resource_index/parent_prefix_path/qube_controller
[17.883s] -- Installing: /mnt/c/Users/aleks/CLionProjects/Qube/install/qube_controller/share/qube_controller/environment/ament_prefix_path.sh
[18.077s] -- Installing: /mnt/c/Users/aleks/CLionProjects/Qube/install/qube_controller/share/qube_controller/environment/ament_prefix_path.dsv
[18.268s] -- Installing: /mnt/c/Users/aleks/CLionProjects/Qube/install/qube_controller/share/qube_controller/environment/path.sh
[18.442s] -- Installing: /mnt/c/Users/aleks/CLionProjects/Qube/install/qube_controller/share/qube_controller/environment/path.dsv
[18.646s] -- Installing: /mnt/c/Users/aleks/CLionProjects/Qube/install/qube_controller/share/qube_controller/local_setup.bash
[18.820s] -- Installing: /mnt/c/Users/aleks/CLionProjects/Qube/install/qube_controller/share/qube_controller/local_setup.sh
[19.000s] -- Installing: /mnt/c/Users/aleks/CLionProjects/Qube/install/qube_controller/share/qube_controller/local_setup.zsh
[19.175s] -- Installing: /mnt/c/Users/aleks/CLionProjects/Qube/install/qube_controller/share/qube_controller/local_setup.dsv
[19.346s] -- Installing: /mnt/c/Users/aleks/CLionProjects/Qube/install/qube_controller/share/qube_controller/package.dsv
[19.600s] -- Installing: /mnt/c/Users/aleks/CLionProjects/Qube/install/qube_controller/share/ament_index/resource_index/packages/qube_controller
[19.892s] -- Installing: /mnt/c/Users/aleks/CLionProjects/Qube/install/qube_controller/share/qube_controller/cmake/qube_controllerConfig.cmake
[20.088s] -- Installing: /mnt/c/Users/aleks/CLionProjects/Qube/install/qube_controller/share/qube_controller/cmake/qube_controllerConfig-version.cmake
[20.290s] -- Installing: /mnt/c/Users/aleks/CLionProjects/Qube/install/qube_controller/share/qube_controller/package.xml
[20.447s] Invoked command in '/mnt/c/Users/aleks/CLionProjects/Qube/build/qube_controller' returned '0': CMAKE_PREFIX_PATH=${CMAKE_PREFIX_PATH}:/opt/ros/jazzy /usr/bin/cmake --install /mnt/c/Users/aleks/CLionProjects/Qube/build/qube_controller
